<?xml version="1.0" encoding="UTF-8"?>
<!-- Generated by org.testng.reporters.JUnitReportReporter -->
<testsuite hostname="Aditya" failures="0" tests="1" name="Product_Test.DryRun" time="5.592" errors="0" timestamp="2025-05-04T15:17:43 IST" skipped="0">
  <testcase classname="Product_Test.DryRun" name="m1" time="5.592"/>
  <system-out/>
</testsuite> <!-- Product_Test.DryRun -->
