<?xml version="1.0" encoding="UTF-8"?>
<!-- Generated by org.testng.reporters.JUnitReportReporter -->
<testsuite hostname="Aditya" failures="0" tests="1" name="Product_Test.TestCase_02" time="10.887" errors="0" timestamp="2025-05-09T00:46:39 IST" skipped="0">
  <testcase classname="Product_Test.TestCase_02" name="Login_User_with_correct_email_and_password" time="10.887"/>
  <system-out>
    <![CDATA[Home page is visible successfully
'Login to your account' is visible
'Logged in as username' is visible:- Logged in as Aditya
'ACCOUNT DELETED!' is visible]]>
  </system-out>
</testsuite> <!-- Product_Test.TestCase_02 -->
