<?xml version="1.0" encoding="UTF-8"?>
<!-- Generated by org.testng.reporters.JUnitReportReporter -->
<testsuite hostname="Aditya" failures="0" tests="1" name="Product_Test.TestCase_02" time="11.671" errors="0" timestamp="2025-05-04T18:22:08 IST" skipped="0">
  <testcase classname="Product_Test.TestCase_02" name="Login_User_with_correct_email_and_password" time="11.671"/>
  <system-out>
    <![CDATA[Home page is visible successfully
'Login to your account' is visible
'Logged in as username' is visibleLogged in as Ethan Carter
'ACCOUNT DELETED!' is visible]]>
  </system-out>
</testsuite> <!-- Product_Test.TestCase_02 -->
