<?xml version="1.0" encoding="UTF-8"?>
<!-- Generated by org.testng.reporters.JUnitReportReporter -->
<testsuite hostname="Aditya" failures="0" tests="1" name="Product_Test.TestCase_23" time="48.941" errors="0" timestamp="2025-05-08T12:33:13 IST" skipped="0">
  <testcase classname="Product_Test.TestCase_23" name="Verify_address_details_in_checkout_page" time="48.941"/>
  <system-out>
    <![CDATA[Home page is visible successfully
'ACCOUNT CREATED!' is visible
'Logged in as username' is visible
Cart page is displayed successfully
Delivery address matches registration address
Billing address matches registration address
'ACCOUNT DELETED!' is visible]]>
  </system-out>
</testsuite> <!-- Product_Test.TestCase_23 -->
