<?xml version="1.0" encoding="UTF-8"?>
<!-- Generated by org.testng.reporters.JUnitReportReporter -->
<testsuite hostname="Aditya" failures="0" tests="1" name="Product_Test.TestCase_10" time="0.208" errors="0" timestamp="2025-05-09T00:46:39 IST" skipped="0">
  <testcase classname="Product_Test.TestCase_10" name="Verify_Subscription_in_home_page" time="0.208"/>
  <system-out>
    <![CDATA[Home page is visible successfully
'SUBSCRIPTION' text is visible
'You have been successfully subscribed!' is visible]]>
  </system-out>
</testsuite> <!-- Product_Test.TestCase_10 -->
