<?xml version="1.0" encoding="UTF-8"?>
<!-- Generated by org.testng.reporters.JUnitReportReporter -->
<testsuite hostname="Aditya" failures="0" tests="1" name="Product_Test.TestCase_08" time="8.472" errors="0" timestamp="2025-05-08T12:33:13 IST" skipped="0">
  <testcase classname="Product_Test.TestCase_08" name="Verify_All_Products_and_product_detail_page" time="8.472"/>
  <system-out>
    <![CDATA[Home page is visible successfully
User is navigated to ALL PRODUCTS page successfully
Product list is visible
User is landed to product details page
Product details are visible:
Product Name: Blue Top
Product Category: Women > Tops
Product Price: Rs. 500
Product Availability: In Stock
Product Condition: Condition: New
Product Brand: Brand: Polo
]]>
  </system-out>
</testsuite> <!-- Product_Test.TestCase_08 -->
