<?xml version="1.0" encoding="UTF-8"?>
<!-- Generated by org.testng.reporters.JUnitReportReporter -->
<testsuite hostname="Aditya" failures="0" tests="1" name="Product_Test.TestCase_06" time="15.627" errors="0" timestamp="2025-05-08T12:33:13 IST" skipped="0">
  <testcase classname="Product_Test.TestCase_06" name="Contact_Us_Form" time="15.627"/>
  <system-out>
    <![CDATA[Home page is visible successfully
'GET IN TOUCH' is visible
'Success! Your details have been submitted successfully.' is visible]]>
  </system-out>
</testsuite> <!-- Product_Test.TestCase_06 -->
