<?xml version="1.0" encoding="UTF-8"?>
<!-- Generated by org.testng.reporters.JUnitReportReporter -->
<testsuite hostname="Aditya" failures="0" tests="1" name="Product_Test.TestCase_03" time="4.182" errors="0" timestamp="2025-05-08T12:33:13 IST" skipped="0">
  <testcase classname="Product_Test.TestCase_03" name="Login_User_with_incorrect_email_and_password" time="4.182"/>
  <system-out>
    <![CDATA[Home page is visible successfully
'Login to your account' is visible
'Your email or password is incorrect!' is visible]]>
  </system-out>
</testsuite> <!-- Product_Test.TestCase_03 -->
