<?xml version="1.0" encoding="UTF-8"?>
<!-- Generated by org.testng.reporters.JUnitReportReporter -->
<testsuite hostname="Aditya" failures="0" tests="1" name="Product_Test.TestCase27" time="6.104" errors="0" timestamp="2025-05-07T03:40:31 IST" skipped="0">
  <testcase classname="Product_Test.TestCase27" name="aditya" time="6.104"/>
  <system-out/>
</testsuite> <!-- Product_Test.TestCase27 -->
