<?xml version="1.0" encoding="UTF-8"?>
<!-- Generated by org.testng.reporters.JUnitReportReporter -->
<testsuite hostname="Aditya" failures="0" tests="1" name="Product_Test.TestCase_25" time="0.219" errors="0" timestamp="2025-05-08T12:33:13 IST" skipped="0">
  <testcase classname="Product_Test.TestCase_25" name="Verify_Scroll_Up_using_Arrow_button_and_Scroll_Down_functionality" time="0.219"/>
  <system-out>
    <![CDATA[Home page is visible successfully
Scrolled to bottom of page
'SUBSCRIPTION' text is visible
Clicked on scroll up arrow
Page is scrolled up and text is visible]]>
  </system-out>
</testsuite> <!-- Product_Test.TestCase_25 -->
