<?xml version="1.0" encoding="UTF-8"?>
<!-- Generated by org.testng.reporters.JUnitReportReporter -->
<testsuite hostname="Aditya" failures="0" tests="1" name="Product_Test.TestCase_22" time="2.286" errors="0" timestamp="2025-05-09T00:46:39 IST" skipped="0">
  <testcase classname="Product_Test.TestCase_22" name="Add_to_cart_from_Recommended_items" time="2.286"/>
  <system-out>
    <![CDATA[Scrolled to bottom of page
'RECOMMENDED ITEMS' section is visible
Product 'Blue Top' is displayed in cart page]]>
  </system-out>
</testsuite> <!-- Product_Test.TestCase_22 -->
