<?xml version="1.0" encoding="UTF-8"?>
<!-- Generated by org.testng.reporters.JUnitReportReporter -->
<testsuite hostname="Aditya" failures="0" tests="1" name="Product_Test.TestCase_13" time="4.575" errors="0" timestamp="2025-05-08T12:33:13 IST" skipped="0">
  <testcase classname="Product_Test.TestCase_13" name="Verify_Product_quantity_in_Cart" time="4.575"/>
  <system-out>
    <![CDATA[Home page is visible successfully
Product details page is displayed
Product quantity in cart matches expected quantity]]>
  </system-out>
</testsuite> <!-- Product_Test.TestCase_13 -->
