<?xml version="1.0" encoding="UTF-8"?>
<!-- Generated by org.testng.reporters.JUnitReportReporter -->
<testsuite hostname="Aditya" failures="0" tests="1" name="Product_Test.TestCase_04" time="10.289" errors="0" timestamp="2025-05-09T00:46:39 IST" skipped="0">
  <testcase classname="Product_Test.TestCase_04" name="Logout_User" time="10.289"/>
  <system-out>
    <![CDATA[Home page is visible successfully
'Login to your account' is visible
'Logged in as username' is visible:- Logged in as Aditya
User is navigated to login page]]>
  </system-out>
</testsuite> <!-- Product_Test.TestCase_04 -->
