<?xml version="1.0" encoding="UTF-8"?>
<!-- Generated by org.testng.reporters.JUnitReportReporter -->
<testsuite hostname="Aditya" failures="0" tests="1" name="Product_Test.TestCase_04" time="11.163" errors="0" timestamp="2025-05-04T19:16:06 IST" skipped="0">
  <testcase classname="Product_Test.TestCase_04" name="Logout_User" time="11.163"/>
  <system-out>
    <![CDATA[Home page is visible successfully
'Login to your account' is visible
'Logged in as username' is visibleLogged in as Sophia Martinez
User is navigated to login page]]>
  </system-out>
</testsuite> <!-- Product_Test.TestCase_04 -->
