<?xml version="1.0" encoding="UTF-8"?>
<!-- Generated by org.testng.reporters.JUnitReportReporter -->
<testsuite hostname="Aditya" failures="0" tests="1" name="Product_Test.TestCase_05" time="15.578" errors="0" timestamp="2025-05-08T12:33:13 IST" skipped="0">
  <testcase classname="Product_Test.TestCase_05" name="Register_User_with_existing_email" time="15.578"/>
  <system-out>
    <![CDATA[Home page is visible successfully
'New User Signup!' is visible
'Email Address already exist!' is visible]]>
  </system-out>
</testsuite> <!-- Product_Test.TestCase_05 -->
