<?xml version="1.0" encoding="UTF-8"?>
<!-- Generated by org.testng.reporters.JUnitReportReporter -->
<testsuite hostname="Aditya" failures="0" tests="1" name="Product_Test.TestCase_01_Test" time="10.739" errors="0" timestamp="2025-05-09T20:52:56 IST" skipped="0">
  <testcase classname="Product_Test.TestCase_01_Test" name="Register_User" time="10.739">
    <system-out>
      <![CDATA[Home page is visible successfully
'New User Signup!' is visible
'ENTER ACCOUNT INFORMATION' is visible
'ACCOUNT CREATED!' is visible
'Logged in as username' is visible
'ACCOUNT DELETED!' is visible]]>
    </system-out>
  </testcase> <!-- Register_User -->
  <system-out>
    <![CDATA[Browser verified
Opening: chrome
Navigating to URL: http://automationexercise.com
Home page is visible successfully
'New User Signup!' is visible
'ENTER ACCOUNT INFORMATION' is visible
'ACCOUNT CREATED!' is visible
'Logged in as username' is visible
'ACCOUNT DELETED!' is visible
Browser closed: chrome
Test execution completed by: Aditya]]>
  </system-out>
</testsuite> <!-- Product_Test.TestCase_01_Test -->
