<?xml version="1.0" encoding="UTF-8"?>
<!-- Generated by org.testng.reporters.JUnitReportReporter -->
<testsuite hostname="Aditya" failures="0" tests="1" name="Product_Test.TestCase_24" time="21.521" errors="0" timestamp="2025-05-09T00:46:39 IST" skipped="0">
  <testcase classname="Product_Test.TestCase_24" name="Download_Invoice_after_purchase_order" time="21.521"/>
  <system-out>
    <![CDATA[Home page is visible successfully
Cart page is displayed successfully
'ACCOUNT CREATED!' is visible
'Logged in as username' is visible
Address Details are successfully verified
Product Name: Blue Top
Price: Rs. 500
Quantity: 1
Total Price: Rs. 500
Product Name: Men Tshirt
Price: Rs. 400
Quantity: 1
Total Price: Rs. 400
Order review successfully verified
'Your order has been placed successfully!' verified successfully
invoice is downloaded successfully
'ACCOUNT DELETED!' is visible]]>
  </system-out>
</testsuite> <!-- Product_Test.TestCase_24 -->
