<?xml version="1.0" encoding="UTF-8"?>
<!-- Generated by org.testng.reporters.JUnitReportReporter -->
<testsuite hostname="Aditya" failures="0" tests="1" name="Product_Test.TestCase_17" time="17.215" errors="0" timestamp="2025-05-08T12:33:13 IST" skipped="0">
  <testcase classname="Product_Test.TestCase_17" name="Remove_Products_From_Cart" time="17.215"/>
  <system-out>
    <![CDATA[Home page is visible successfully
Cart page is displayed successfully
Initial items in cart: 2
Item deleted successfully
Updated items in cart: 1
Product was successfully removed from cart]]>
  </system-out>
</testsuite> <!-- Product_Test.TestCase_17 -->
