<?xml version="1.0" encoding="UTF-8"?>
<!-- Generated by org.testng.reporters.JUnitReportReporter -->
<testsuite hostname="Aditya" failures="0" tests="1" name="Product_Test.TestCase_18" time="4.283" errors="0" timestamp="2025-05-09T00:46:39 IST" skipped="0">
  <testcase classname="Product_Test.TestCase_18" name="ViewCategory_Products" time="4.283"/>
  <system-out>
    <![CDATA[Categories section is visible on left side bar
Clicked on Women category
Clicked on Dress subcategory
Category page is displayed with correct title: WOMEN -  DRESS PRODUCTS
Clicked on TShirt subcategory under Men
Successfully navigated to Men's TShirt category page: MEN - TSHIRTS PRODUCTS]]>
  </system-out>
</testsuite> <!-- Product_Test.TestCase_18 -->
