<?xml version="1.0" encoding="UTF-8"?>
<!-- Generated by org.testng.reporters.JUnitReportReporter -->
<testsuite hostname="Aditya" failures="0" tests="1" name="Product_Test.TestCase_21" time="3.457" errors="0" timestamp="2025-05-09T00:46:39 IST" skipped="0">
  <testcase classname="Product_Test.TestCase_21" name="Add_review_on_product" time="3.457"/>
  <system-out>
    <![CDATA[User is navigated to ALL PRODUCTS page successfully
'Write Your Review' section is visible
Entered review details
'Thank you for your review.' is visible ]]>
  </system-out>
</testsuite> <!-- Product_Test.TestCase_21 -->
