<?xml version="1.0" encoding="UTF-8"?>
<!-- Generated by org.testng.reporters.JUnitReportReporter -->
<testsuite hostname="Aditya" failures="0" tests="1" name="Product_Test.TestCase_01" time="11.562" errors="0" timestamp="2025-05-08T12:33:13 IST" skipped="0">
  <testcase classname="Product_Test.TestCase_01" name="Register_User" time="11.562"/>
  <system-out>
    <![CDATA[Home page is visible successfully
'New User Signup!' is visible
'ENTER ACCOUNT INFORMATION' is visible
'ACCOUNT CREATED!' is visible
'Logged in as username' is visible
'ACCOUNT DELETED!' is visible]]>
  </system-out>
</testsuite> <!-- Product_Test.TestCase_01 -->
