<?xml version="1.0" encoding="UTF-8"?>
<!-- Generated by org.testng.reporters.JUnitReportReporter -->
<testsuite hostname="Aditya" failures="0" tests="1" name="Product_Test.TestCase_19" time="3.742" errors="0" timestamp="2025-05-09T00:46:39 IST" skipped="0">
  <testcase classname="Product_Test.TestCase_19" name="View_and_Cart_Brand_Products" time="3.742"/>
  <system-out>
    <![CDATA[Brands section is visible on left side bar
Successfully navigated to BRAND - POLO PRODUCTS brand page
Brand products are displayed successfully
Successfully navigated to BRAND - H&M PRODUCTS brand page
Brand products are displayed successfully]]>
  </system-out>
</testsuite> <!-- Product_Test.TestCase_19 -->
