<?xml version="1.0" encoding="UTF-8"?>
<!-- Generated by org.testng.reporters.JUnitReportReporter -->
<testsuite hostname="Aditya" failures="0" tests="1" name="Product_Test.TestCase_12" time="3.980" errors="0" timestamp="2025-05-09T00:46:39 IST" skipped="0">
  <testcase classname="Product_Test.TestCase_12" name="Add_Products_in_Cart" time="3.980"/>
  <system-out>
    <![CDATA[Home page is visible successfully
Both products are added to Cart successfully
Product Name: Blue Top
Price: Rs. 500
Quantity: 1
Total Price: Rs. 500
Product Name: Men Tshirt
Price: Rs. 400
Quantity: 1
Total Price: Rs. 400]]>
  </system-out>
</testsuite> <!-- Product_Test.TestCase_12 -->
