<?xml version="1.0" encoding="UTF-8"?>
<!-- Generated by org.testng.reporters.JUnitReportReporter -->
<testsuite hostname="Aditya" failures="0" tests="1" name="Product_Test.TestCase_20" time="16.250" errors="0" timestamp="2025-05-09T00:46:39 IST" skipped="0">
  <testcase classname="Product_Test.TestCase_20" name="Search_Products_and_Verify_Cart_After_Login" time="16.250"/>
  <system-out>
    <![CDATA[User is navigated to ALL PRODUCTS page successfully
'SEARCHED PRODUCTS' is visible
Product related to search is visible: Sleeveless  Dress
Product related to search is visible: Stylish Dress
Product related to search is visible: Sleeves Top and Short - Blue & Pink
Product related to search is visible: Sleeveless Unicorn Patch Gown - Pink
Product related to search is visible:  Cotton Mull Embroidered Dress
Product related to search is visible: Blue Cotton Indie Mickey Dress
Product related to search is visible: Long Maxi Tulle Fancy Dress Up Outfits -Pink
Product related to search is visible: Sleeveless Unicorn Print Fit & Flare Net Dress - Multi
Product related to search is visible: Rose Pink Embroidered Maxi Dress
Added 9 products to cart
All 9 products are visible in cart
Logged in successfully]]>
  </system-out>
</testsuite> <!-- Product_Test.TestCase_20 -->
