<?xml version="1.0" encoding="UTF-8"?>
<!-- Generated by org.testng.reporters.JUnitReportReporter -->
<testsuite hostname="Aditya" failures="0" tests="1" name="Product_Test.TestCase_22" time="5.315" errors="0" timestamp="2025-05-08T12:33:13 IST" skipped="0">
  <testcase classname="Product_Test.TestCase_22" name="Add_to_cart_from_Recommended_items" time="5.315"/>
  <system-out>
    <![CDATA[Scrolled to bottom of page
'RECOMMENDED ITEMS' section is visible
Product 'Blue Top' is displayed in cart page]]>
  </system-out>
</testsuite> <!-- Product_Test.TestCase_22 -->
