<?xml version="1.0" encoding="UTF-8"?>
<!-- Generated by org.testng.reporters.JUnitReportReporter -->
<testsuite hostname="Aditya" failures="0" tests="1" name="Product_Test.TestCase_27" time="17.703" errors="0" timestamp="2025-05-07T23:34:27 IST" skipped="0">
  <testcase classname="Product_Test.TestCase_27" name="createAccount" time="17.703"/>
  <system-out/>
</testsuite> <!-- Product_Test.TestCase_27 -->
