<?xml version="1.0" encoding="UTF-8"?>
<!-- Generated by org.testng.reporters.JUnitReportReporter -->
<testsuite hostname="Aditya" failures="0" tests="1" name="Product_Test.TestCase_14" time="46.377" errors="0" timestamp="2025-05-06T14:12:58 IST" skipped="0">
  <testcase classname="Product_Test.TestCase_14" name="Place_Order_Register_while_Checkout" time="46.377"/>
  <system-out>
    <![CDATA[Home page is visible successfully
Cart page is displayed successfully
'ACCOUNT CREATED!' is visible
'Logged in as username' is visible
Address Details are not verified
Product Name: Blue Top
Price: Rs. 500
Quantity: 1
Total Price: Rs. 500
Product Name: Men Tshirt
Price: Rs. 400
Quantity: 1
Total Price: Rs. 400
'Your order has been placed successfully!' not verified
'ACCOUNT DELETED!' is visible]]>
  </system-out>
</testsuite> <!-- Product_Test.TestCase_14 -->
