<?xml version="1.0" encoding="UTF-8"?>
<!-- Generated by org.testng.reporters.JUnitReportReporter -->
<testsuite hostname="Aditya" failures="0" tests="1" name="Product_Test.TestCase_07" time="11.441" errors="0" timestamp="2025-05-08T12:33:13 IST" skipped="0">
  <testcase classname="Product_Test.TestCase_07" name="Verify_Test_Cases_Page" time="11.441"/>
  <system-out>
    <![CDATA[Home page is visible successfully
User is navigated to test cases page successfully]]>
  </system-out>
</testsuite> <!-- Product_Test.TestCase_07 -->
