<?xml version="1.0" encoding="UTF-8"?>
<!-- Generated by org.testng.reporters.JUnitReportReporter -->
<testsuite hostname="Aditya" failures="0" tests="1" name="Product.TestCase_01" time="2.068" errors="0" timestamp="2025-05-10T12:27:42 IST" skipped="0">
  <testcase classname="Product.TestCase_01" name="login" time="2.068"/>
  <system-out>
    <![CDATA[Home page successfully loaded
All product page successfully loaded
Your cart page successfully loaded
Product Name: Sauce Labs Backpack
Product Quantity: 1
Product Name: Sauce Labs Bike Light
Product Quantity: 1
Checkout info page successfully loaded
Checkout overview page successfully loaded
Payment Information: SauceCard #31337
Shipping Information: Free Pony Express Delivery!
Price Total: Total: $43.18
Checkout complete page successfully loaded
Success msg displayed: Thank you for your order!]]>
  </system-out>
</testsuite> <!-- Product.TestCase_01 -->
